# JRE version: OpenJDK Runtime Environment (7.0_51) (build 1.7.0_51-b00)
# Java VM: OpenJDK 64-Bit Server VM (24.45-b08 mixed mode linux-amd64 compressed oops)
Heap
 PSYoungGen      total 129024K, used 72116K [0x00000000eb800000, 0x00000000f4800000, 0x0000000100000000)
  eden space 121344K, 53% used [0x00000000eb800000,0x00000000ef6ee138,0x00000000f2e80000)
  from space 7680K, 99% used [0x00000000f3980000,0x00000000f40ff110,0x00000000f4100000)
  to   space 11264K, 0% used [0x00000000f2e80000,0x00000000f2e80000,0x00000000f3980000)
 ParOldGen       total 41984K, used 13428K [0x00000000c2800000, 0x00000000c5100000, 0x00000000eb800000)
  object space 41984K, 31% used [0x00000000c2800000,0x00000000c351d398,0x00000000c5100000)
 PSPermGen       total 28672K, used 28161K [0x00000000b8200000, 0x00000000b9e00000, 0x00000000c2800000)
  object space 28672K, 98% used [0x00000000b8200000,0x00000000b9d804e0,0x00000000b9e00000)
GC Heap History (10 events):
Event: 4.455 GC heap before
{Heap before GC invocations=4 (full 0):
 PSYoungGen      total 18432K, used 18432K [0x00000000eb800000, 0x00000000edc00000, 0x0000000100000000)
  eden space 15872K, 100% used [0x00000000eb800000,0x00000000ec780000,0x00000000ec780000)
  from space 2560K, 100% used [0x00000000ec780000,0x00000000eca00000,0x00000000eca00000)
  to   space 2560K, 0% used [0x00000000ed980000,0x00000000ed980000,0x00000000edc00000)
 ParOldGen       total 41984K, used 1250K [0x00000000c2800000, 0x00000000c5100000, 0x00000000eb800000)
  object space 41984K, 2% used [0x00000000c2800000,0x00000000c2938a60,0x00000000c5100000)
 PSPermGen       total 21504K, used 10197K [0x00000000b8200000, 0x00000000b9700000, 0x00000000c2800000)
  object space 21504K, 47% used [0x00000000b8200000,0x00000000b8bf5450,0x00000000b9700000)
Event: 4.481 GC heap after
Heap after GC invocations=4 (full 0):
 PSYoungGen      total 34304K, used 2560K [0x00000000eb800000, 0x00000000edc00000, 0x0000000100000000)
  eden space 31744K, 0% used [0x00000000eb800000,0x00000000eb800000,0x00000000ed700000)
  from space 2560K, 100% used [0x00000000ed980000,0x00000000edc00000,0x00000000edc00000)
  to   space 2560K, 0% used [0x00000000ed700000,0x00000000ed700000,0x00000000ed980000)
 ParOldGen       total 41984K, used 1766K [0x00000000c2800000, 0x00000000c5100000, 0x00000000eb800000)
  object space 41984K, 4% used [0x00000000c2800000,0x00000000c29b9870,0x00000000c5100000)
 PSPermGen       total 21504K, used 10197K [0x00000000b8200000, 0x00000000b9700000, 0x00000000c2800000)
  object space 21504K, 47% used [0x00000000b8200000,0x00000000b8bf5450,0x00000000b9700000)
}
Event: 5.961 GC heap before
{Heap before GC invocations=5 (full 0):
 PSYoungGen      total 34304K, used 34304K [0x00000000eb800000, 0x00000000edc00000, 0x0000000100000000)
  eden space 31744K, 100% used [0x00000000eb800000,0x00000000ed700000,0x00000000ed700000)
  from space 2560K, 100% used [0x00000000ed980000,0x00000000edc00000,0x00000000edc00000)
  to   space 2560K, 0% used [0x00000000ed700000,0x00000000ed700000,0x00000000ed980000)
 ParOldGen       total 41984K, used 1766K [0x00000000c2800000, 0x00000000c5100000, 0x00000000eb800000)
  object space 41984K, 4% used [0x00000000c2800000,0x00000000c29b9870,0x00000000c5100000)
 PSPermGen       total 21504K, used 11551K [0x00000000b8200000, 0x00000000b9700000, 0x00000000c2800000)
  object space 21504K, 53% used [0x00000000b8200000,0x00000000b8d47f80,0x00000000b9700000)
Event: 5.985 GC heap after
Heap after GC invocations=5 (full 0):
 PSYoungGen      total 34304K, used 2528K [0x00000000eb800000, 0x00000000efe00000, 0x0000000100000000)
  eden space 31744K, 0% used [0x00000000eb800000,0x00000000eb800000,0x00000000ed700000)
  from space 2560K, 98% used [0x00000000ed700000,0x00000000ed978020,0x00000000ed980000)
  to   space 4096K, 0% used [0x00000000efa00000,0x00000000efa00000,0x00000000efe00000)
 ParOldGen       total 41984K, used 3398K [0x00000000c2800000, 0x00000000c5100000, 0x00000000eb800000)
  object space 41984K, 8% used [0x00000000c2800000,0x00000000c2b518d8,0x00000000c5100000)
 PSPermGen       total 21504K, used 11551K [0x00000000b8200000, 0x00000000b9700000, 0x00000000c2800000)
  object space 21504K, 53% used [0x00000000b8200000,0x00000000b8d47f80,0x00000000b9700000)
}
Event: 7.064 GC heap before
{Heap before GC invocations=6 (full 0):
 PSYoungGen      total 34304K, used 34272K [0x00000000eb800000, 0x00000000efe00000, 0x0000000100000000)
  eden space 31744K, 100% used [0x00000000eb800000,0x00000000ed700000,0x00000000ed700000)
  from space 2560K, 98% used [0x00000000ed700000,0x00000000ed978020,0x00000000ed980000)
  to   space 4096K, 0% used [0x00000000efa00000,0x00000000efa00000,0x00000000efe00000)
 ParOldGen       total 41984K, used 3398K [0x00000000c2800000, 0x00000000c5100000, 0x00000000eb800000)
  object space 41984K, 8% used [0x00000000c2800000,0x00000000c2b518d8,0x00000000c5100000)
 PSPermGen       total 21504K, used 14050K [0x00000000b8200000, 0x00000000b9700000, 0x00000000c2800000)
  object space 21504K, 65% used [0x00000000b8200000,0x00000000b8fb8ab0,0x00000000b9700000)
Event: 7.076 GC heap after
Heap after GC invocations=6 (full 0):
 PSYoungGen      total 66560K, used 4086K [0x00000000eb800000, 0x00000000f0000000, 0x0000000100000000)
  eden space 62464K, 0% used [0x00000000eb800000,0x00000000eb800000,0x00000000ef500000)
  from space 4096K, 99% used [0x00000000efa00000,0x00000000efdfd878,0x00000000efe00000)
  to   space 5120K, 0% used [0x00000000ef500000,0x00000000ef500000,0x00000000efa00000)
 ParOldGen       total 41984K, used 4440K [0x00000000c2800000, 0x00000000c5100000, 0x00000000eb800000)
  object space 41984K, 10% used [0x00000000c2800000,0x00000000c2c56340,0x00000000c5100000)
 PSPermGen       total 21504K, used 14050K [0x00000000b8200000, 0x00000000b9700000, 0x00000000c2800000)
  object space 21504K, 65% used [0x00000000b8200000,0x00000000b8fb8ab0,0x00000000b9700000)
}
Event: 9.270 GC heap before
{Heap before GC invocations=7 (full 0):
 PSYoungGen      total 66560K, used 66550K [0x00000000eb800000, 0x00000000f0000000, 0x0000000100000000)
  eden space 62464K, 100% used [0x00000000eb800000,0x00000000ef500000,0x00000000ef500000)
  from space 4096K, 99% used [0x00000000efa00000,0x00000000efdfd878,0x00000000efe00000)
  to   space 5120K, 0% used [0x00000000ef500000,0x00000000ef500000,0x00000000efa00000)
 ParOldGen       total 41984K, used 4440K [0x00000000c2800000, 0x00000000c5100000, 0x00000000eb800000)
  object space 41984K, 10% used [0x00000000c2800000,0x00000000c2c56340,0x00000000c5100000)
 PSPermGen       total 21504K, used 20479K [0x00000000b8200000, 0x00000000b9700000, 0x00000000c2800000)
  object space 21504K, 95% used [0x00000000b8200000,0x00000000b95ffd08,0x00000000b9700000)
Event: 9.290 GC heap after
Heap after GC invocations=7 (full 0):
 PSYoungGen      total 67584K, used 5120K [0x00000000eb800000, 0x00000000f4100000, 0x0000000100000000)
  eden space 62464K, 0% used [0x00000000eb800000,0x00000000eb800000,0x00000000ef500000)
  from space 5120K, 100% used [0x00000000ef500000,0x00000000efa00000,0x00000000efa00000)
  to   space 7680K, 0% used [0x00000000f3980000,0x00000000f3980000,0x00000000f4100000)
 ParOldGen       total 41984K, used 8547K [0x00000000c2800000, 0x00000000c5100000, 0x00000000eb800000)
  object space 41984K, 20% used [0x00000000c2800000,0x00000000c3058f40,0x00000000c5100000)
 PSPermGen       total 21504K, used 20479K [0x00000000b8200000, 0x00000000b9700000, 0x00000000c2800000)
  object space 21504K, 95% used [0x00000000b8200000,0x00000000b95ffd08,0x00000000b9700000)
}
Event: 11.021 GC heap before
{Heap before GC invocations=8 (full 0):
 PSYoungGen      total 67584K, used 67584K [0x00000000eb800000, 0x00000000f4100000, 0x0000000100000000)
  eden space 62464K, 100% used [0x00000000eb800000,0x00000000ef500000,0x00000000ef500000)
  from space 5120K, 100% used [0x00000000ef500000,0x00000000efa00000,0x00000000efa00000)
  to   space 7680K, 0% used [0x00000000f3980000,0x00000000f3980000,0x00000000f4100000)
 ParOldGen       total 41984K, used 8547K [0x00000000c2800000, 0x00000000c5100000, 0x00000000eb800000)
  object space 41984K, 20% used [0x00000000c2800000,0x00000000c3058f40,0x00000000c5100000)
 PSPermGen       total 25088K, used 24731K [0x00000000b8200000, 0x00000000b9a80000, 0x00000000c2800000)
  object space 25088K, 98% used [0x00000000b8200000,0x00000000b9a26e28,0x00000000b9a80000)
Event: 11.046 GC heap after
Heap after GC invocations=8 (full 0):
 PSYoungGen      total 129024K, used 7676K [0x00000000eb800000, 0x00000000f4800000, 0x0000000100000000)
  eden space 121344K, 0% used [0x00000000eb800000,0x00000000eb800000,0x00000000f2e80000)
  from space 7680K, 99% used [0x00000000f3980000,0x00000000f40ff110,0x00000000f4100000)
  to   space 11264K, 0% used [0x00000000f2e80000,0x00000000f2e80000,0x00000000f3980000)
 ParOldGen       total 41984K, used 13428K [0x00000000c2800000, 0x00000000c5100000, 0x00000000eb800000)
  object space 41984K, 31% used [0x00000000c2800000,0x00000000c351d398,0x00000000c5100000)
 PSPermGen       total 25088K, used 24731K [0x00000000b8200000, 0x00000000b9a80000, 0x00000000c2800000)
  object space 25088K, 98% used [0x00000000b8200000,0x00000000b9a26e28,0x00000000b9a80000)
}

